<?xml version="1.0" encoding="UTF-8"?>
<!-- Generated by org.testng.reporters.JUnitXMLReporter -->
<testsuite hostname="LAPTOP-FDT31RMK" ignored="0" name="Nop CommerceV1 Regression " tests="6" failures="2" timestamp="2021-10-14T19:29:50 IST" time="208.705" errors="0">
  <testcase name="loginTest" time="28.062" classname="com.nopcommerce.tests.LoginTests"/>
  <testcase name="loginTest_DataDriven" time="11.94" classname="com.nopcommerce.tests.LoginTests"/>
  <testcase name="loginTest_DataDriven" time="4.109" classname="com.nopcommerce.tests.LoginTests">
    <failure type="java.lang.AssertionError" message="expected [true] but found [false]">
      <![CDATA[java.lang.AssertionError: expected [true] but found [false]
at com.nopcommerce.tests.LoginTests.loginTest_DataDriven(LoginTests.java:69)
at java.util.ArrayList.forEach(ArrayList.java:1259)
... Removed 34 stack frames]]>
    </failure>
  </testcase> <!-- loginTest_DataDriven -->
  <testcase name="loginTest_DataDriven" time="2.578" classname="com.nopcommerce.tests.LoginTests">
    <failure type="java.lang.AssertionError" message="expected [true] but found [false]">
      <![CDATA[java.lang.AssertionError: expected [true] but found [false]
at com.nopcommerce.tests.LoginTests.loginTest_DataDriven(LoginTests.java:69)
at java.util.ArrayList.forEach(ArrayList.java:1259)
... Removed 34 stack frames]]>
    </failure>
  </testcase> <!-- loginTest_DataDriven -->
  <testcase name="titleTest" time="0.015" classname="com.nopcommerce.tests.LoginTests"/>
  <testcase name="newCustomerTest" time="27.295" classname="com.nopcommerce.tests.AddNewCustomerTest"/>
</testsuite> <!-- Nop CommerceV1 Regression  -->
