<?xml version="1.0" encoding="UTF-8"?>
<testng-results ignored="0" total="6" passed="4" failed="2" skipped="0">
  <reporter-output>
  </reporter-output>
  <suite started-at="2021-10-14T14:03:34 IST" name="NopCommerceV1 Automation Suite" finished-at="2021-10-14T14:05:14 IST" duration-ms="100552">
    <groups>
    </groups>
    <test started-at="2021-10-14T14:03:34 IST" name="Nop CommerceV1 Regression " finished-at="2021-10-14T14:05:14 IST" duration-ms="100552">
      <class name="com.nopcommerce.tests.LoginTests">
        <test-method is-config="true" signature="setUp()[pri:0, instance:com.nopcommerce.tests.LoginTests@6f01b95f]" started-at="2021-10-14T14:03:34 IST" name="setUp" finished-at="2021-10-14T14:03:42 IST" duration-ms="7204" status="PASS">
          <reporter-output>
          </reporter-output>
        </test-method> <!-- setUp -->
        <test-method signature="loginTest()[pri:0, instance:com.nopcommerce.tests.LoginTests@6f01b95f]" started-at="2021-10-14T14:03:42 IST" name="loginTest" finished-at="2021-10-14T14:03:54 IST" duration-ms="12060" status="PASS">
          <reporter-output>
          </reporter-output>
        </test-method> <!-- loginTest -->
        <test-method is-config="true" signature="tearDown()[pri:0, instance:com.nopcommerce.tests.LoginTests@6f01b95f]" started-at="2021-10-14T14:03:54 IST" name="tearDown" finished-at="2021-10-14T14:03:55 IST" duration-ms="783" status="PASS">
          <reporter-output>
          </reporter-output>
        </test-method> <!-- tearDown -->
        <test-method is-config="true" signature="setUp()[pri:0, instance:com.nopcommerce.tests.LoginTests@6f01b95f]" started-at="2021-10-14T14:03:57 IST" name="setUp" finished-at="2021-10-14T14:04:05 IST" duration-ms="7513" status="PASS">
          <reporter-output>
          </reporter-output>
        </test-method> <!-- setUp -->
        <test-method signature="loginTest_DataDriven(java.lang.String,java.lang.String)[pri:0, instance:com.nopcommerce.tests.LoginTests@6f01b95f]" started-at="2021-10-14T14:04:05 IST" name="loginTest_DataDriven" data-provider="getData" finished-at="2021-10-14T14:04:18 IST" duration-ms="13292" status="PASS">
          <params>
            <param index="0">
              <value>
                <![CDATA[admin@yourstore.com]]>
              </value>
            </param>
            <param index="1">
              <value>
                <![CDATA[admin]]>
              </value>
            </param>
          </params>
          <reporter-output>
          </reporter-output>
        </test-method> <!-- loginTest_DataDriven -->
        <test-method is-config="true" signature="tearDown()[pri:0, instance:com.nopcommerce.tests.LoginTests@6f01b95f]" started-at="2021-10-14T14:04:18 IST" name="tearDown" finished-at="2021-10-14T14:04:19 IST" duration-ms="1021" status="PASS">
          <reporter-output>
          </reporter-output>
        </test-method> <!-- tearDown -->
        <test-method is-config="true" signature="setUp()[pri:0, instance:com.nopcommerce.tests.LoginTests@6f01b95f]" started-at="2021-10-14T14:04:19 IST" name="setUp" finished-at="2021-10-14T14:04:26 IST" duration-ms="7057" status="PASS">
          <reporter-output>
          </reporter-output>
        </test-method> <!-- setUp -->
        <test-method signature="loginTest_DataDriven(java.lang.String,java.lang.String)[pri:0, instance:com.nopcommerce.tests.LoginTests@6f01b95f]" started-at="2021-10-14T14:04:26 IST" name="loginTest_DataDriven" data-provider="getData" finished-at="2021-10-14T14:04:29 IST" duration-ms="2420" status="FAIL">
          <params>
            <param index="0">
              <value>
                <![CDATA[admin@yourstore.com]]>
              </value>
            </param>
            <param index="1">
              <value>
                <![CDATA[test]]>
              </value>
            </param>
          </params>
          <exception class="java.lang.AssertionError">
            <message>
              <![CDATA[expected [true] but found [false]]]>
            </message>
            <full-stacktrace>
              <![CDATA[java.lang.AssertionError: expected [true] but found [false]
at org.testng.Assert.fail(Assert.java:99)
at org.testng.Assert.failNotEquals(Assert.java:1037)
at org.testng.Assert.assertTrue(Assert.java:45)
at org.testng.Assert.assertTrue(Assert.java:55)
at com.nopcommerce.tests.LoginTests.loginTest_DataDriven(LoginTests.java:69)
at java.base/jdk.internal.reflect.NativeMethodAccessorImpl.invoke0(Native Method)
at java.base/jdk.internal.reflect.NativeMethodAccessorImpl.invoke(NativeMethodAccessorImpl.java:64)
at java.base/jdk.internal.reflect.DelegatingMethodAccessorImpl.invoke(DelegatingMethodAccessorImpl.java:43)
at java.base/java.lang.reflect.Method.invoke(Method.java:564)
at org.testng.internal.MethodInvocationHelper.invokeMethod(MethodInvocationHelper.java:133)
at org.testng.internal.TestInvoker.invokeMethod(TestInvoker.java:598)
at org.testng.internal.TestInvoker.invokeTestMethod(TestInvoker.java:173)
at org.testng.internal.MethodRunner.runInSequence(MethodRunner.java:46)
at org.testng.internal.TestInvoker$MethodInvocationAgent.invoke(TestInvoker.java:824)
at org.testng.internal.TestInvoker.invokeTestMethods(TestInvoker.java:146)
at org.testng.internal.TestMethodWorker.invokeTestMethods(TestMethodWorker.java:146)
at org.testng.internal.TestMethodWorker.run(TestMethodWorker.java:128)
at java.base/java.util.ArrayList.forEach(ArrayList.java:1511)
at org.testng.TestRunner.privateRun(TestRunner.java:794)
at org.testng.TestRunner.run(TestRunner.java:596)
at org.testng.SuiteRunner.runTest(SuiteRunner.java:377)
at org.testng.SuiteRunner.runSequentially(SuiteRunner.java:371)
at org.testng.SuiteRunner.privateRun(SuiteRunner.java:332)
at org.testng.SuiteRunner.run(SuiteRunner.java:276)
at org.testng.SuiteRunnerWorker.runSuite(SuiteRunnerWorker.java:53)
at org.testng.SuiteRunnerWorker.run(SuiteRunnerWorker.java:96)
at org.testng.TestNG.runSuitesSequentially(TestNG.java:1212)
at org.testng.TestNG.runSuitesLocally(TestNG.java:1134)
at org.testng.TestNG.runSuites(TestNG.java:1063)
at org.testng.TestNG.run(TestNG.java:1031)
at org.testng.remote.AbstractRemoteTestNG.run(AbstractRemoteTestNG.java:115)
at org.testng.remote.RemoteTestNG.initAndRun(RemoteTestNG.java:251)
at org.testng.remote.RemoteTestNG.main(RemoteTestNG.java:77)
]]>
            </full-stacktrace>
          </exception> <!-- java.lang.AssertionError -->
          <reporter-output>
          </reporter-output>
        </test-method> <!-- loginTest_DataDriven -->
        <test-method is-config="true" signature="tearDown()[pri:0, instance:com.nopcommerce.tests.LoginTests@6f01b95f]" started-at="2021-10-14T14:04:29 IST" name="tearDown" finished-at="2021-10-14T14:04:29 IST" duration-ms="797" status="PASS">
          <reporter-output>
          </reporter-output>
        </test-method> <!-- tearDown -->
        <test-method is-config="true" signature="setUp()[pri:0, instance:com.nopcommerce.tests.LoginTests@6f01b95f]" started-at="2021-10-14T14:04:29 IST" name="setUp" finished-at="2021-10-14T14:04:36 IST" duration-ms="6922" status="PASS">
          <reporter-output>
          </reporter-output>
        </test-method> <!-- setUp -->
        <test-method signature="loginTest_DataDriven(java.lang.String,java.lang.String)[pri:0, instance:com.nopcommerce.tests.LoginTests@6f01b95f]" started-at="2021-10-14T14:04:36 IST" name="loginTest_DataDriven" data-provider="getData" finished-at="2021-10-14T14:04:39 IST" duration-ms="2261" status="FAIL">
          <params>
            <param index="0">
              <value>
                <![CDATA[admin1@yourstore.com]]>
              </value>
            </param>
            <param index="1">
              <value>
                <![CDATA[admin]]>
              </value>
            </param>
          </params>
          <exception class="java.lang.AssertionError">
            <message>
              <![CDATA[expected [true] but found [false]]]>
            </message>
            <full-stacktrace>
              <![CDATA[java.lang.AssertionError: expected [true] but found [false]
at org.testng.Assert.fail(Assert.java:99)
at org.testng.Assert.failNotEquals(Assert.java:1037)
at org.testng.Assert.assertTrue(Assert.java:45)
at org.testng.Assert.assertTrue(Assert.java:55)
at com.nopcommerce.tests.LoginTests.loginTest_DataDriven(LoginTests.java:69)
at java.base/jdk.internal.reflect.NativeMethodAccessorImpl.invoke0(Native Method)
at java.base/jdk.internal.reflect.NativeMethodAccessorImpl.invoke(NativeMethodAccessorImpl.java:64)
at java.base/jdk.internal.reflect.DelegatingMethodAccessorImpl.invoke(DelegatingMethodAccessorImpl.java:43)
at java.base/java.lang.reflect.Method.invoke(Method.java:564)
at org.testng.internal.MethodInvocationHelper.invokeMethod(MethodInvocationHelper.java:133)
at org.testng.internal.TestInvoker.invokeMethod(TestInvoker.java:598)
at org.testng.internal.TestInvoker.invokeTestMethod(TestInvoker.java:173)
at org.testng.internal.MethodRunner.runInSequence(MethodRunner.java:46)
at org.testng.internal.TestInvoker$MethodInvocationAgent.invoke(TestInvoker.java:824)
at org.testng.internal.TestInvoker.invokeTestMethods(TestInvoker.java:146)
at org.testng.internal.TestMethodWorker.invokeTestMethods(TestMethodWorker.java:146)
at org.testng.internal.TestMethodWorker.run(TestMethodWorker.java:128)
at java.base/java.util.ArrayList.forEach(ArrayList.java:1511)
at org.testng.TestRunner.privateRun(TestRunner.java:794)
at org.testng.TestRunner.run(TestRunner.java:596)
at org.testng.SuiteRunner.runTest(SuiteRunner.java:377)
at org.testng.SuiteRunner.runSequentially(SuiteRunner.java:371)
at org.testng.SuiteRunner.privateRun(SuiteRunner.java:332)
at org.testng.SuiteRunner.run(SuiteRunner.java:276)
at org.testng.SuiteRunnerWorker.runSuite(SuiteRunnerWorker.java:53)
at org.testng.SuiteRunnerWorker.run(SuiteRunnerWorker.java:96)
at org.testng.TestNG.runSuitesSequentially(TestNG.java:1212)
at org.testng.TestNG.runSuitesLocally(TestNG.java:1134)
at org.testng.TestNG.runSuites(TestNG.java:1063)
at org.testng.TestNG.run(TestNG.java:1031)
at org.testng.remote.AbstractRemoteTestNG.run(AbstractRemoteTestNG.java:115)
at org.testng.remote.RemoteTestNG.initAndRun(RemoteTestNG.java:251)
at org.testng.remote.RemoteTestNG.main(RemoteTestNG.java:77)
]]>
            </full-stacktrace>
          </exception> <!-- java.lang.AssertionError -->
          <reporter-output>
          </reporter-output>
        </test-method> <!-- loginTest_DataDriven -->
        <test-method is-config="true" signature="tearDown()[pri:0, instance:com.nopcommerce.tests.LoginTests@6f01b95f]" started-at="2021-10-14T14:04:39 IST" name="tearDown" finished-at="2021-10-14T14:04:40 IST" duration-ms="895" status="PASS">
          <reporter-output>
          </reporter-output>
        </test-method> <!-- tearDown -->
        <test-method is-config="true" signature="setUp()[pri:0, instance:com.nopcommerce.tests.LoginTests@6f01b95f]" started-at="2021-10-14T14:04:40 IST" name="setUp" finished-at="2021-10-14T14:04:47 IST" duration-ms="7137" status="PASS">
          <reporter-output>
          </reporter-output>
        </test-method> <!-- setUp -->
        <test-method signature="titleTest()[pri:0, instance:com.nopcommerce.tests.LoginTests@6f01b95f]" started-at="2021-10-14T14:04:47 IST" name="titleTest" finished-at="2021-10-14T14:04:47 IST" duration-ms="14" status="PASS">
          <reporter-output>
          </reporter-output>
        </test-method> <!-- titleTest -->
        <test-method is-config="true" signature="tearDown()[pri:0, instance:com.nopcommerce.tests.LoginTests@6f01b95f]" started-at="2021-10-14T14:04:47 IST" name="tearDown" finished-at="2021-10-14T14:04:47 IST" duration-ms="771" status="PASS">
          <reporter-output>
          </reporter-output>
        </test-method> <!-- tearDown -->
      </class> <!-- com.nopcommerce.tests.LoginTests -->
      <class name="com.nopcommerce.tests.AddNewCustomerTest">
        <test-method is-config="true" signature="setUp()[pri:0, instance:com.nopcommerce.tests.AddNewCustomerTest@16150369]" started-at="2021-10-14T14:04:47 IST" name="setUp" finished-at="2021-10-14T14:05:00 IST" duration-ms="12337" status="PASS">
          <reporter-output>
          </reporter-output>
        </test-method> <!-- setUp -->
        <test-method signature="newCustomerTest()[pri:0, instance:com.nopcommerce.tests.AddNewCustomerTest@16150369]" started-at="2021-10-14T14:05:00 IST" name="newCustomerTest" finished-at="2021-10-14T14:05:14 IST" duration-ms="13815" status="PASS">
          <reporter-output>
          </reporter-output>
        </test-method> <!-- newCustomerTest -->
        <test-method is-config="true" signature="tearDown()[pri:0, instance:com.nopcommerce.tests.AddNewCustomerTest@16150369]" started-at="2021-10-14T14:05:14 IST" name="tearDown" finished-at="2021-10-14T14:05:14 IST" duration-ms="837" status="PASS">
          <reporter-output>
          </reporter-output>
        </test-method> <!-- tearDown -->
      </class> <!-- com.nopcommerce.tests.AddNewCustomerTest -->
    </test> <!-- Nop CommerceV1 Regression  -->
  </suite> <!-- NopCommerceV1 Automation Suite -->
</testng-results>
