<?xml version="1.0" encoding="UTF-8"?>
<!-- Generated by org.testng.reporters.JUnitXMLReporter -->
<testsuite ignored="0" hostname="LAPTOP-FDT31RMK" failures="2" tests="6" name="Nop CommerceV1 Regression " time="100.552" errors="0" timestamp="2021-10-14T14:05:15 IST">
  <testcase classname="com.nopcommerce.tests.LoginTests" name="loginTest" time="12.06"/>
  <testcase classname="com.nopcommerce.tests.LoginTests" name="loginTest_DataDriven" time="13.292"/>
  <testcase classname="com.nopcommerce.tests.LoginTests" name="loginTest_DataDriven" time="2.42">
    <failure type="java.lang.AssertionError" message="expected [true] but found [false]">
      <![CDATA[java.lang.AssertionError: expected [true] but found [false]
at com.nopcommerce.tests.LoginTests.loginTest_DataDriven(LoginTests.java:69)
at java.base/java.util.ArrayList.forEach(ArrayList.java:1511)
... Removed 31 stack frames]]>
    </failure>
  </testcase> <!-- loginTest_DataDriven -->
  <testcase classname="com.nopcommerce.tests.LoginTests" name="loginTest_DataDriven" time="2.261">
    <failure type="java.lang.AssertionError" message="expected [true] but found [false]">
      <![CDATA[java.lang.AssertionError: expected [true] but found [false]
at com.nopcommerce.tests.LoginTests.loginTest_DataDriven(LoginTests.java:69)
at java.base/java.util.ArrayList.forEach(ArrayList.java:1511)
... Removed 31 stack frames]]>
    </failure>
  </testcase> <!-- loginTest_DataDriven -->
  <testcase classname="com.nopcommerce.tests.LoginTests" name="titleTest" time="0.014"/>
  <testcase classname="com.nopcommerce.tests.AddNewCustomerTest" name="newCustomerTest" time="13.815"/>
</testsuite> <!-- Nop CommerceV1 Regression  -->
